# JRE version: OpenJDK Runtime Environment Temurin-17.0.10+7 (17.0.10+7) (build 17.0.10+7)
# Java VM: OpenJDK 64-Bit Server VM Temurin-17.0.10+7 (17.0.10+7, mixed mode, emulated-client, tiered, compressed oops, compressed class ptrs, g1 gc, windows-amd64)
GC Precious Log:
 CPUs: 20 total, 20 available
 Memory: 7876M
 Large Page Support: Disabled
 NUMA Support: Disabled
 Compressed Oops: Enabled (32-bit)
 Heap Region Size: 1M
 Heap Min Capacity: 8M
 Heap Initial Capacity: 124M
 Heap Max Capacity: 1G
 Pre-touch: Disabled
 Parallel Workers: 15
 Concurrent Workers: 4
 Concurrent Refinement Workers: 15
 Periodic GC: Disabled
Heap:
 garbage-first heap   total 105472K, used 46641K [0x00000000c0000000, 0x0000000100000000)
  region size 1024K, 5 young (5120K), 2 survivors (2048K)
 Metaspace       used 57719K, committed 58176K, reserved 1114112K
  class space    used 7139K, committed 7360K, reserved 1048576K
GC Heap History (20 events):
Event: 7.378 GC heap before
{Heap before GC invocations=2 (full 0):
 garbage-first heap   total 126976K, used 48473K [0x00000000c0000000, 0x0000000100000000)
  region size 1024K, 33 young (33792K), 2 survivors (2048K)
 Metaspace       used 21221K, committed 21504K, reserved 1114112K
  class space    used 2603K, committed 2752K, reserved 1048576K
}
Event: 7.382 GC heap after
{Heap after GC invocations=3 (full 0):
 garbage-first heap   total 126976K, used 20630K [0x00000000c0000000, 0x0000000100000000)
  region size 1024K, 5 young (5120K), 5 survivors (5120K)
 Metaspace       used 21221K, committed 21504K, reserved 1114112K
  class space    used 2603K, committed 2752K, reserved 1048576K
}
Event: 8.199 GC heap before
{Heap before GC invocations=4 (full 0):
 garbage-first heap   total 75776K, used 57494K [0x00000000c0000000, 0x0000000100000000)
  region size 1024K, 43 young (44032K), 5 survivors (5120K)
 Metaspace       used 27913K, committed 28160K, reserved 1114112K
  class space    used 3477K, committed 3584K, reserved 1048576K
}
Event: 8.206 GC heap after
{Heap after GC invocations=5 (full 0):
 garbage-first heap   total 75776K, used 23766K [0x00000000c0000000, 0x0000000100000000)
  region size 1024K, 6 young (6144K), 6 survivors (6144K)
 Metaspace       used 27913K, committed 28160K, reserved 1114112K
  class space    used 3477K, committed 3584K, reserved 1048576K
}
Event: 9.050 GC heap before
{Heap before GC invocations=5 (full 0):
 garbage-first heap   total 75776K, used 49366K [0x00000000c0000000, 0x0000000100000000)
  region size 1024K, 32 young (32768K), 6 survivors (6144K)
 Metaspace       used 32072K, committed 32512K, reserved 1114112K
  class space    used 4073K, committed 4288K, reserved 1048576K
}
Event: 9.058 GC heap after
{Heap after GC invocations=6 (full 0):
 garbage-first heap   total 75776K, used 26337K [0x00000000c0000000, 0x0000000100000000)
  region size 1024K, 3 young (3072K), 3 survivors (3072K)
 Metaspace       used 32072K, committed 32512K, reserved 1114112K
  class space    used 4073K, committed 4288K, reserved 1048576K
}
Event: 10.948 GC heap before
{Heap before GC invocations=6 (full 0):
 garbage-first heap   total 75776K, used 49889K [0x00000000c0000000, 0x0000000100000000)
  region size 1024K, 28 young (28672K), 3 survivors (3072K)
 Metaspace       used 35722K, committed 36096K, reserved 1114112K
  class space    used 4600K, committed 4800K, reserved 1048576K
}
Event: 10.955 GC heap after
{Heap after GC invocations=7 (full 0):
 garbage-first heap   total 75776K, used 28241K [0x00000000c0000000, 0x0000000100000000)
  region size 1024K, 3 young (3072K), 3 survivors (3072K)
 Metaspace       used 35722K, committed 36096K, reserved 1114112K
  class space    used 4600K, committed 4800K, reserved 1048576K
}
Event: 11.573 GC heap before
{Heap before GC invocations=8 (full 0):
 garbage-first heap   total 75776K, used 52817K [0x00000000c0000000, 0x0000000100000000)
  region size 1024K, 28 young (28672K), 3 survivors (3072K)
 Metaspace       used 39709K, committed 40192K, reserved 1114112K
  class space    used 5272K, committed 5504K, reserved 1048576K
}
Event: 11.577 GC heap after
{Heap after GC invocations=9 (full 0):
 garbage-first heap   total 75776K, used 30449K [0x00000000c0000000, 0x0000000100000000)
  region size 1024K, 3 young (3072K), 3 survivors (3072K)
 Metaspace       used 39709K, committed 40192K, reserved 1114112K
  class space    used 5272K, committed 5504K, reserved 1048576K
}
Event: 11.956 GC heap before
{Heap before GC invocations=9 (full 0):
 garbage-first heap   total 75776K, used 54001K [0x00000000c0000000, 0x0000000100000000)
  region size 1024K, 27 young (27648K), 3 survivors (3072K)
 Metaspace       used 42624K, committed 43072K, reserved 1114112K
  class space    used 5541K, committed 5760K, reserved 1048576K
}
Event: 11.960 GC heap after
{Heap after GC invocations=10 (full 0):
 garbage-first heap   total 75776K, used 34516K [0x00000000c0000000, 0x0000000100000000)
  region size 1024K, 4 young (4096K), 4 survivors (4096K)
 Metaspace       used 42624K, committed 43072K, reserved 1114112K
  class space    used 5541K, committed 5760K, reserved 1048576K
}
Event: 12.219 GC heap before
{Heap before GC invocations=10 (full 0):
 garbage-first heap   total 75776K, used 57044K [0x00000000c0000000, 0x0000000100000000)
  region size 1024K, 25 young (25600K), 4 survivors (4096K)
 Metaspace       used 47522K, committed 48000K, reserved 1114112K
  class space    used 5891K, committed 6144K, reserved 1048576K
}
Event: 12.221 GC heap after
{Heap after GC invocations=11 (full 0):
 garbage-first heap   total 75776K, used 38961K [0x00000000c0000000, 0x0000000100000000)
  region size 1024K, 4 young (4096K), 4 survivors (4096K)
 Metaspace       used 47522K, committed 48000K, reserved 1114112K
  class space    used 5891K, committed 6144K, reserved 1048576K
}
Event: 12.333 GC heap before
{Heap before GC invocations=11 (full 0):
 garbage-first heap   total 75776K, used 56369K [0x00000000c0000000, 0x0000000100000000)
  region size 1024K, 22 young (22528K), 4 survivors (4096K)
 Metaspace       used 49636K, committed 50048K, reserved 1114112K
  class space    used 6174K, committed 6400K, reserved 1048576K
}
Event: 12.335 GC heap after
{Heap after GC invocations=12 (full 0):
 garbage-first heap   total 75776K, used 41322K [0x00000000c0000000, 0x0000000100000000)
  region size 1024K, 3 young (3072K), 3 survivors (3072K)
 Metaspace       used 49636K, committed 50048K, reserved 1114112K
  class space    used 6174K, committed 6400K, reserved 1048576K
}
Event: 12.469 GC heap before
{Heap before GC invocations=13 (full 0):
 garbage-first heap   total 81920K, used 57706K [0x00000000c0000000, 0x0000000100000000)
  region size 1024K, 20 young (20480K), 3 survivors (3072K)
 Metaspace       used 51326K, committed 51776K, reserved 1114112K
  class space    used 6374K, committed 6592K, reserved 1048576K
}
Event: 12.471 GC heap after
{Heap after GC invocations=14 (full 0):
 garbage-first heap   total 81920K, used 43077K [0x00000000c0000000, 0x0000000100000000)
  region size 1024K, 2 young (2048K), 2 survivors (2048K)
 Metaspace       used 51326K, committed 51776K, reserved 1114112K
  class space    used 6374K, committed 6592K, reserved 1048576K
}
Event: 14.213 GC heap before
{Heap before GC invocations=14 (full 0):
 garbage-first heap   total 81920K, used 63557K [0x00000000c0000000, 0x0000000100000000)
  region size 1024K, 22 young (22528K), 2 survivors (2048K)
 Metaspace       used 57564K, committed 58048K, reserved 1114112K
  class space    used 7118K, committed 7360K, reserved 1048576K
}
Event: 14.216 GC heap after
{Heap after GC invocations=15 (full 0):
 garbage-first heap   total 105472K, used 44593K [0x00000000c0000000, 0x0000000100000000)
  region size 1024K, 2 young (2048K), 2 survivors (2048K)
 Metaspace       used 57564K, committed 58048K, reserved 1114112K
  class space    used 7118K, committed 7360K, reserved 1048576K
}

